<?xml version="1.0" encoding="UTF-8"?>
<!-- Generated by org.testng.reporters.JUnitXMLReporter -->
<testsuite ignored="0" hostname="Bablu" failures="0" tests="4" name="Default test" time="30.914" errors="0" timestamp="2024-11-08T13:02:25 IST">
  <testcase classname="Reports.DataproviderTest" name="loginTest" time="6.505"/>
  <testcase classname="Reports.DataproviderTest" name="loginTest" time="5.863"/>
  <testcase classname="Reports.DataproviderTest" name="loginTest" time="5.912"/>
  <testcase classname="Reports.DataproviderTest" name="loginTest" time="12.581"/>
</testsuite> <!-- Default test -->
