<?xml version="1.0" encoding="UTF-8"?>
<!-- Generated by org.testng.reporters.JUnitXMLReporter -->
<testsuite ignored="1" hostname="Bablu" failures="0" tests="23" name="Test" time="0.238" errors="0" timestamp="2024-11-06T12:27:28 IST">
  <testcase classname="TestNg.dependsOn" name="RegistrationTest" time="0.018"/>
  <testcase classname="TestNg.dependsOn" name="LoginTest" time="0.003"/>
  <testcase classname="TestNg.dependsOn" name="updateProfileTest" time="0.003"/>
  <testcase classname="TestNg.EnabledTest" name="demo2" time="0.004"/>
  <testcase classname="TestNg.EnabledTest" name="demo3" time="0.005"/>
  <testcase classname="TestNg.EnabledTest" name="demo3" time="0.003"/>
  <testcase classname="TestNg.EnabledTest" name="demo4" time="0.006"/>
  <testcase classname="TestNg.InvocationCount" name="demo1" time="0.003"/>
  <testcase classname="TestNg.InvocationCount" name="demo2" time="0.005"/>
  <testcase classname="TestNg.InvocationCount" name="demo2" time="0.001"/>
  <testcase classname="TestNg.InvocationCount" name="demo3" time="0.003"/>
  <testcase classname="TestNg.InvocationCount" name="demo3" time="0.003"/>
  <testcase classname="TestNg.InvocationCount" name="demo3" time="0.001"/>
  <testcase classname="TestNg.InvocationCount" name="demo4" time="0.002"/>
  <testcase classname="TestNg.InvocationCount" name="demo4" time="0.003"/>
  <testcase classname="TestNg.InvocationCount" name="demo4" time="0.001"/>
  <testcase classname="TestNg.InvocationCount" name="demo4" time="0.001"/>
  <testcase classname="TestNg.PrioritizeTest" name="demo4" time="0.001"/>
  <testcase classname="TestNg.PrioritizeTest" name="demo1" time="0.002"/>
  <testcase classname="TestNg.PrioritizeTest" name="demo5" time="0.002"/>
  <testcase classname="TestNg.PrioritizeTest" name="demo2" time="0.002"/>
  <testcase classname="TestNg.PrioritizeTest" name="demo3" time="0.008"/>
  <testcase classname="TestNg.SampleTest" name="demo" time="0.003"/>
  <testcase classname="TestNg.EnabledTest" name="demo1" time="0.0">
    <ignored/>
  </testcase> <!-- demo1 -->
</testsuite> <!-- Test -->
