<?xml version="1.0" encoding="UTF-8"?>
<testng-results ignored="2" total="4" passed="2" failed="0" skipped="0">
  <reporter-output>
  </reporter-output>
  <suite started-at="2024-11-08T13:13:52 IST" name="Failed suite [Suite]" finished-at="2024-11-08T13:13:52 IST" duration-ms="66">
    <groups>
    </groups>
    <test started-at="2024-11-08T13:13:52 IST" name="Test Runner3(failed)" finished-at="2024-11-08T13:13:52 IST" duration-ms="66">
      <class name="distributedparallel.Test5">
        <test-method signature="demo1()[pri:0, instance:distributedparallel.Test5@158da8e]" started-at="2024-11-08T13:13:52 IST" name="demo1" finished-at="2024-11-08T13:13:52 IST" duration-ms="16" status="PASS">
          <reporter-output>
          </reporter-output>
        </test-method> <!-- demo1 -->
      </class> <!-- distributedparallel.Test5 -->
    </test> <!-- Test Runner3(failed) -->
    <test started-at="2024-11-08T13:13:52 IST" name="Test Runner1(failed)" finished-at="2024-11-08T13:13:52 IST" duration-ms="66">
      <class name="distributedparallel.Test2">
        <test-method signature="demo2()[pri:0, instance:distributedparallel.Test2@6cf0e0ba]" started-at="2024-11-08T13:13:52 IST" name="demo2" finished-at="2024-11-08T13:13:52 IST" duration-ms="17" status="PASS">
          <reporter-output>
          </reporter-output>
        </test-method> <!-- demo2 -->
      </class> <!-- distributedparallel.Test2 -->
    </test> <!-- Test Runner1(failed) -->
  </suite> <!-- Failed suite [Suite] -->
</testng-results>
